<?xml version="1.0" encoding="UTF-8"?>
<!-- Generated by org.testng.reporters.JUnitXMLReporter -->
<testsuite hostname="Govardhan-PC" name="Login" tests="9" failures="0" timestamp="2 Mar 2016 07:18:06 GMT" time="73.793" errors="0">
  <testcase name="login" time="42.258" classname="com.gktech.newcars.Login"/>
  <testcase name="login" time="0.0" classname="com.gktech.newcars.Login">
    <skipped/>
  </testcase> <!-- login -->
  <testcase name="login" time="31.497" classname="com.gktech.newcars.Login"/>
  <testcase name="login" time="0.0" classname="com.gktech.newcars.Login">
    <skipped/>
  </testcase> <!-- login -->
  <testcase name="login" time="0.0" classname="com.gktech.newcars.Login">
    <skipped/>
  </testcase> <!-- login -->
  <testcase name="login" time="0.0" classname="com.gktech.newcars.Login">
    <skipped/>
  </testcase> <!-- login -->
  <testcase name="login" time="0.001" classname="com.gktech.newcars.Login">
    <skipped/>
  </testcase> <!-- login -->
  <testcase name="login" time="0.0" classname="com.gktech.newcars.Login">
    <skipped/>
  </testcase> <!-- login -->
  <testcase name="login" time="0.0" classname="com.gktech.newcars.Login">
    <skipped/>
  </testcase> <!-- login -->
</testsuite> <!-- Login -->
