<?xml version="1.0" encoding="UTF-8"?>
<!-- Generated by org.testng.reporters.JUnitXMLReporter -->
<testsuite hostname="Govardhan-PC" name="Registration" tests="5" failures="0" timestamp="2 Mar 2016 07:20:12 GMT" time="125.675" errors="0">
  <testcase name="registration" time="39.068" classname="com.gktech.newcars.Registration"/>
  <testcase name="registration" time="45.909" classname="com.gktech.newcars.Registration"/>
  <testcase name="registration" time="0.0" classname="com.gktech.newcars.Registration">
    <skipped/>
  </testcase> <!-- registration -->
  <testcase name="registration" time="40.689" classname="com.gktech.newcars.Registration"/>
  <testcase name="registration" time="0.0" classname="com.gktech.newcars.Registration">
    <skipped/>
  </testcase> <!-- registration -->
</testsuite> <!-- Registration -->
