<?xml version="1.0" encoding="UTF-8"?>
<!-- Generated by org.testng.reporters.JUnitXMLReporter -->
<testsuite hostname="Govardhan-PC" name="LocateDealer" tests="1" failures="1" timestamp="2 Mar 2016 07:20:12 GMT" time="0.003" errors="0">
  <testcase name="@BeforeTest checkTestCaseSkip" time="0.0" classname="com.gktech.sellcars.LocateDealer">
    <skipped/>
  </testcase> <!-- @BeforeTest checkTestCaseSkip -->
  <testcase name="locateDealer" time="0.003" classname="com.gktech.sellcars.LocateDealer">
    <failure type="org.testng.TestNGException" message="
The data provider is trying to pass 2 parameters but the method com.gktech.sellcars.LocateDealer#locateDealer takes 5 and TestNG is unable in inject a suitable object">
      <![CDATA[org.testng.TestNGException: 
The data provider is trying to pass 2 parameters but the method com.gktech.sellcars.LocateDealer#locateDealer takes 5 and TestNG is unable in inject a suitable object
Caused by: java.lang.ArrayIndexOutOfBoundsException: 2
	... 17 more
... Removed 19 stack frames]]>
    </failure>
  </testcase> <!-- locateDealer -->
</testsuite> <!-- LocateDealer -->
