<?xml version="1.0" encoding="UTF-8"?>
<!-- Generated by org.testng.reporters.JUnitXMLReporter -->
<testsuite hostname="Govardhan-PC" name="Default test" tests="5" failures="0" timestamp="29 Feb 2016 07:15:08 GMT" time="120.057" errors="0">
  <testcase name="registration" time="52.128" classname="com.gktech.newcars.Registration"/>
  <testcase name="registration" time="32.392" classname="com.gktech.newcars.Registration"/>
  <testcase name="registration" time="0.001" classname="com.gktech.newcars.Registration">
    <skipped/>
  </testcase> <!-- registration -->
  <testcase name="registration" time="35.487" classname="com.gktech.newcars.Registration"/>
  <testcase name="registration" time="0.0" classname="com.gktech.newcars.Registration">
    <skipped/>
  </testcase> <!-- registration -->
</testsuite> <!-- Default test -->
